{"C:\\Users\\sergi\\Documents\\Projectes\\Vertex\\apps\\server\\src\\services\\authService.ts": {"path":"C:\\Users\\sergi\\Documents\\Projectes\\Vertex\\apps\\server\\src\\services\\authService.ts","statementMap":{"0":{"start":{"line":4,"column":27},"end":{"line":57,"column":null}},"1":{"start":{"line":11,"column":8},"end":{"line":22,"column":null}},"2":{"start":{"line":26,"column":8},"end":{"line":26,"column":null}},"3":{"start":{"line":30,"column":8},"end":{"line":41,"column":null}},"4":{"start":{"line":45,"column":8},"end":{"line":55,"column":null}}},"fnMap":{"0":{"name":"(anonymous_0)","decl":{"start":{"line":5,"column":10},"end":{"line":5,"column":null}},"loc":{"start":{"line":10,"column":6},"end":{"line":22,"column":null}},"line":10},"1":{"name":"(anonymous_1)","decl":{"start":{"line":25,"column":10},"end":{"line":25,"column":25}},"loc":{"start":{"line":25,"column":54},"end":{"line":26,"column":null}},"line":25},"2":{"name":"(anonymous_2)","decl":{"start":{"line":29,"column":10},"end":{"line":29,"column":25}},"loc":{"start":{"line":29,"column":40},"end":{"line":41,"column":null}},"line":29},"3":{"name":"(anonymous_3)","decl":{"start":{"line":44,"column":10},"end":{"line":44,"column":22}},"loc":{"start":{"line":44,"column":34},"end":{"line":55,"column":null}},"line":44}},"branchMap":{"0":{"loc":{"start":{"line":19,"column":32},"end":{"line":19,"column":null}},"type":"binary-expr","locations":[{"start":{"line":19,"column":32},"end":{"line":19,"column":50}},{"start":{"line":19,"column":50},"end":{"line":19,"column":null}}],"line":19}},"s":{"0":1,"1":1,"2":1,"3":1,"4":0},"f":{"0":1,"1":1,"2":1,"3":0},"b":{"0":[1,0]},"meta":{"lastBranch":1,"lastFunction":4,"lastStatement":5,"seen":{"s:4:27:57:Infinity":0,"f:5:10:5:Infinity":0,"s:11:8:22:Infinity":1,"b:19:32:19:50:19:50:19:Infinity":0,"f:25:10:25:25":1,"s:26:8:26:Infinity":2,"f:29:10:29:25":2,"s:30:8:41:Infinity":3,"f:44:10:44:22":3,"s:45:8:55:Infinity":4}}}
,"C:\\Users\\sergi\\Documents\\Projectes\\Vertex\\apps\\server\\src\\services\\messageService.ts": {"path":"C:\\Users\\sergi\\Documents\\Projectes\\Vertex\\apps\\server\\src\\services\\messageService.ts","statementMap":{"0":{"start":{"line":4,"column":22},"end":{"line":4,"column":null}},"1":{"start":{"line":5,"column":18},"end":{"line":5,"column":null}},"2":{"start":{"line":7,"column":21},"end":{"line":11,"column":null}},"3":{"start":{"line":13,"column":30},"end":{"line":111,"column":null}},"4":{"start":{"line":15,"column":26},"end":{"line":15,"column":52}},"5":{"start":{"line":16,"column":21},"end":{"line":24,"column":10}},"6":{"start":{"line":26,"column":8},"end":{"line":26,"column":null}},"7":{"start":{"line":30,"column":26},"end":{"line":30,"column":52}},"8":{"start":{"line":31,"column":21},"end":{"line":42,"column":10}},"9":{"start":{"line":43,"column":8},"end":{"line":43,"column":null}},"10":{"start":{"line":47,"column":29},"end":{"line":47,"column":39}},"11":{"start":{"line":48,"column":8},"end":{"line":48,"column":null}},"12":{"start":{"line":49,"column":8},"end":{"line":51,"column":null}},"13":{"start":{"line":56,"column":8},"end":{"line":59,"column":null}},"14":{"start":{"line":72,"column":8},"end":{"line":73,"column":null}},"15":{"start":{"line":73,"column":12},"end":{"line":73,"column":null}},"16":{"start":{"line":75,"column":8},"end":{"line":85,"column":null}},"17":{"start":{"line":100,"column":8},"end":{"line":109,"column":null}}},"fnMap":{"0":{"name":"(anonymous_0)","decl":{"start":{"line":14,"column":10},"end":{"line":14,"column":29}},"loc":{"start":{"line":14,"column":86},"end":{"line":26,"column":null}},"line":14},"1":{"name":"(anonymous_1)","decl":{"start":{"line":29,"column":10},"end":{"line":29,"column":28}},"loc":{"start":{"line":29,"column":100},"end":{"line":43,"column":null}},"line":29},"2":{"name":"(anonymous_2)","decl":{"start":{"line":46,"column":10},"end":{"line":46,"column":29}},"loc":{"start":{"line":46,"column":64},"end":{"line":51,"column":null}},"line":46},"3":{"name":"(anonymous_3)","decl":{"start":{"line":55,"column":10},"end":{"line":55,"column":26}},"loc":{"start":{"line":55,"column":42},"end":{"line":59,"column":null}},"line":55},"4":{"name":"(anonymous_4)","decl":{"start":{"line":65,"column":10},"end":{"line":65,"column":24}},"loc":{"start":{"line":71,"column":7},"end":{"line":85,"column":null}},"line":71},"5":{"name":"(anonymous_5)","decl":{"start":{"line":90,"column":4},"end":{"line":90,"column":18}},"loc":{"start":{"line":99,"column":7},"end":{"line":109,"column":null}},"line":99}},"branchMap":{"0":{"loc":{"start":{"line":14,"column":48},"end":{"line":14,"column":71}},"type":"default-arg","locations":[{"start":{"line":14,"column":56},"end":{"line":14,"column":71}}],"line":14},"1":{"loc":{"start":{"line":19,"column":20},"end":{"line":19,"column":null}},"type":"cond-expr","locations":[{"start":{"line":19,"column":29},"end":{"line":19,"column":58}},{"start":{"line":19,"column":61},"end":{"line":19,"column":null}}],"line":19},"2":{"loc":{"start":{"line":29,"column":62},"end":{"line":29,"column":85}},"type":"default-arg","locations":[{"start":{"line":29,"column":70},"end":{"line":29,"column":85}}],"line":29},"3":{"loc":{"start":{"line":37,"column":20},"end":{"line":37,"column":null}},"type":"cond-expr","locations":[{"start":{"line":37,"column":29},"end":{"line":37,"column":58}},{"start":{"line":37,"column":61},"end":{"line":37,"column":null}}],"line":37},"4":{"loc":{"start":{"line":72,"column":8},"end":{"line":73,"column":null}},"type":"if","locations":[{"start":{"line":72,"column":8},"end":{"line":73,"column":null}},{"start":{},"end":{}}],"line":72},"5":{"loc":{"start":{"line":72,"column":12},"end":{"line":72,"column":50}},"type":"binary-expr","locations":[{"start":{"line":72,"column":12},"end":{"line":72,"column":31}},{"start":{"line":72,"column":31},"end":{"line":72,"column":50}}],"line":72},"6":{"loc":{"start":{"line":80,"column":27},"end":{"line":80,"column":null}},"type":"binary-expr","locations":[{"start":{"line":80,"column":27},"end":{"line":80,"column":45}},{"start":{"line":80,"column":45},"end":{"line":80,"column":null}}],"line":80},"7":{"loc":{"start":{"line":81,"column":29},"end":{"line":81,"column":null}},"type":"binary-expr","locations":[{"start":{"line":81,"column":29},"end":{"line":81,"column":49}},{"start":{"line":81,"column":49},"end":{"line":81,"column":null}}],"line":81},"8":{"loc":{"start":{"line":82,"column":31},"end":{"line":82,"column":null}},"type":"binary-expr","locations":[{"start":{"line":82,"column":31},"end":{"line":82,"column":53}},{"start":{"line":82,"column":53},"end":{"line":82,"column":null}}],"line":82}},"s":{"0":1,"1":1,"2":1,"3":1,"4":1,"5":1,"6":1,"7":0,"8":0,"9":0,"10":1,"11":1,"12":1,"13":0,"14":2,"15":1,"16":1,"17":0},"f":{"0":1,"1":0,"2":1,"3":0,"4":2,"5":0},"b":{"0":[1],"1":[0,1],"2":[0],"3":[0,0],"4":[1,1],"5":[2,1],"6":[1,0],"7":[2,1],"8":[2,1]},"meta":{"lastBranch":9,"lastFunction":6,"lastStatement":18,"seen":{"s:4:22:4:Infinity":0,"s:5:18:5:Infinity":1,"s:7:21:11:Infinity":2,"s:13:30:111:Infinity":3,"f:14:10:14:29":0,"b:14:56:14:71":0,"s:15:26:15:52":4,"s:16:21:24:10":5,"b:19:29:19:58:19:61:19:Infinity":1,"s:26:8:26:Infinity":6,"f:29:10:29:28":1,"b:29:70:29:85":2,"s:30:26:30:52":7,"s:31:21:42:10":8,"b:37:29:37:58:37:61:37:Infinity":3,"s:43:8:43:Infinity":9,"f:46:10:46:29":2,"s:47:29:47:39":10,"s:48:8:48:Infinity":11,"s:49:8:51:Infinity":12,"f:55:10:55:26":3,"s:56:8:59:Infinity":13,"f:65:10:65:24":4,"b:72:8:73:Infinity:undefined:undefined:undefined:undefined":4,"s:72:8:73:Infinity":14,"b:72:12:72:31:72:31:72:50":5,"s:73:12:73:Infinity":15,"s:75:8:85:Infinity":16,"b:80:27:80:45:80:45:80:Infinity":6,"b:81:29:81:49:81:49:81:Infinity":7,"b:82:31:82:53:82:53:82:Infinity":8,"f:90:4:90:18":5,"s:100:8:109:Infinity":17}}}
,"C:\\Users\\sergi\\Documents\\Projectes\\Vertex\\apps\\server\\src\\services\\socialService.ts": {"path":"C:\\Users\\sergi\\Documents\\Projectes\\Vertex\\apps\\server\\src\\services\\socialService.ts","statementMap":{"0":{"start":{"line":4,"column":29},"end":{"line":107,"column":null}},"1":{"start":{"line":6,"column":21},"end":{"line":9,"column":10}},"2":{"start":{"line":10,"column":8},"end":{"line":10,"column":null}},"3":{"start":{"line":14,"column":25},"end":{"line":14,"column":50}},"4":{"start":{"line":15,"column":27},"end":{"line":17,"column":10}},"5":{"start":{"line":18,"column":8},"end":{"line":18,"column":null}},"6":{"start":{"line":22,"column":24},"end":{"line":29,"column":10}},"7":{"start":{"line":30,"column":8},"end":{"line":30,"column":null}},"8":{"start":{"line":34,"column":24},"end":{"line":37,"column":10}},"9":{"start":{"line":38,"column":8},"end":{"line":38,"column":null}},"10":{"start":{"line":42,"column":21},"end":{"line":45,"column":10}},"11":{"start":{"line":46,"column":8},"end":{"line":46,"column":null}},"12":{"start":{"line":50,"column":25},"end":{"line":59,"column":10}},"13":{"start":{"line":62,"column":8},"end":{"line":70,"column":null}},"14":{"start":{"line":62,"column":54},"end":{"line":70,"column":11}},"15":{"start":{"line":74,"column":8},"end":{"line":77,"column":null}},"16":{"start":{"line":81,"column":8},"end":{"line":81,"column":null}},"17":{"start":{"line":85,"column":25},"end":{"line":85,"column":50}},"18":{"start":{"line":87,"column":8},"end":{"line":91,"column":null}},"19":{"start":{"line":95,"column":28},"end":{"line":101,"column":10}},"20":{"start":{"line":105,"column":8},"end":{"line":105,"column":null}},"21":{"start":{"line":105,"column":60},"end":{"line":105,"column":102}}},"fnMap":{"0":{"name":"(anonymous_0)","decl":{"start":{"line":5,"column":10},"end":{"line":5,"column":30}},"loc":{"start":{"line":5,"column":72},"end":{"line":10,"column":null}},"line":5},"1":{"name":"(anonymous_1)","decl":{"start":{"line":13,"column":10},"end":{"line":13,"column":21}},"loc":{"start":{"line":13,"column":73},"end":{"line":18,"column":null}},"line":13},"2":{"name":"(anonymous_2)","decl":{"start":{"line":21,"column":10},"end":{"line":21,"column":24}},"loc":{"start":{"line":21,"column":72},"end":{"line":30,"column":null}},"line":21},"3":{"name":"(anonymous_3)","decl":{"start":{"line":33,"column":10},"end":{"line":33,"column":30}},"loc":{"start":{"line":33,"column":77},"end":{"line":38,"column":null}},"line":33},"4":{"name":"(anonymous_4)","decl":{"start":{"line":41,"column":10},"end":{"line":41,"column":26}},"loc":{"start":{"line":41,"column":66},"end":{"line":46,"column":null}},"line":41},"5":{"name":"(anonymous_5)","decl":{"start":{"line":49,"column":10},"end":{"line":49,"column":28}},"loc":{"start":{"line":49,"column":44},"end":{"line":70,"column":null}},"line":49},"6":{"name":"(anonymous_6)","decl":{"start":{"line":62,"column":24},"end":{"line":62,"column":29}},"loc":{"start":{"line":62,"column":54},"end":{"line":70,"column":11}},"line":62},"7":{"name":"(anonymous_7)","decl":{"start":{"line":73,"column":10},"end":{"line":73,"column":25}},"loc":{"start":{"line":73,"column":44},"end":{"line":77,"column":null}},"line":73},"8":{"name":"(anonymous_8)","decl":{"start":{"line":80,"column":10},"end":{"line":80,"column":24}},"loc":{"start":{"line":80,"column":58},"end":{"line":81,"column":null}},"line":80},"9":{"name":"(anonymous_9)","decl":{"start":{"line":84,"column":10},"end":{"line":84,"column":27}},"loc":{"start":{"line":84,"column":76},"end":{"line":91,"column":null}},"line":84},"10":{"name":"(anonymous_10)","decl":{"start":{"line":94,"column":10},"end":{"line":94,"column":21}},"loc":{"start":{"line":94,"column":37},"end":{"line":105,"column":null}},"line":94},"11":{"name":"(anonymous_11)","decl":{"start":{"line":105,"column":27},"end":{"line":105,"column":32}},"loc":{"start":{"line":105,"column":60},"end":{"line":105,"column":102}},"line":105}},"branchMap":{"0":{"loc":{"start":{"line":10,"column":15},"end":{"line":10,"column":null}},"type":"binary-expr","locations":[{"start":{"line":10,"column":15},"end":{"line":10,"column":27}},{"start":{"line":10,"column":27},"end":{"line":10,"column":null}}],"line":10},"1":{"loc":{"start":{"line":46,"column":15},"end":{"line":46,"column":null}},"type":"binary-expr","locations":[{"start":{"line":46,"column":15},"end":{"line":46,"column":33}},{"start":{"line":46,"column":33},"end":{"line":46,"column":null}}],"line":46},"2":{"loc":{"start":{"line":69,"column":23},"end":{"line":69,"column":null}},"type":"cond-expr","locations":[{"start":{"line":69,"column":43},"end":{"line":69,"column":56}},{"start":{"line":69,"column":56},"end":{"line":69,"column":null}}],"line":69},"3":{"loc":{"start":{"line":105,"column":60},"end":{"line":105,"column":102}},"type":"cond-expr","locations":[{"start":{"line":105,"column":83},"end":{"line":105,"column":93}},{"start":{"line":105,"column":93},"end":{"line":105,"column":102}}],"line":105}},"s":{"0":1,"1":0,"2":0,"3":1,"4":1,"5":1,"6":0,"7":0,"8":1,"9":1,"10":0,"11":0,"12":0,"13":0,"14":0,"15":0,"16":0,"17":0,"18":0,"19":1,"20":1,"21":2},"f":{"0":0,"1":1,"2":0,"3":1,"4":0,"5":0,"6":0,"7":0,"8":0,"9":0,"10":1,"11":2},"b":{"0":[0,0],"1":[0,0],"2":[0,0],"3":[1,1]},"meta":{"lastBranch":4,"lastFunction":12,"lastStatement":22,"seen":{"s:4:29:107:Infinity":0,"f:5:10:5:30":0,"s:6:21:9:10":1,"s:10:8:10:Infinity":2,"b:10:15:10:27:10:27:10:Infinity":0,"f:13:10:13:21":1,"s:14:25:14:50":3,"s:15:27:17:10":4,"s:18:8:18:Infinity":5,"f:21:10:21:24":2,"s:22:24:29:10":6,"s:30:8:30:Infinity":7,"f:33:10:33:30":3,"s:34:24:37:10":8,"s:38:8:38:Infinity":9,"f:41:10:41:26":4,"s:42:21:45:10":10,"s:46:8:46:Infinity":11,"b:46:15:46:33:46:33:46:Infinity":1,"f:49:10:49:28":5,"s:50:25:59:10":12,"s:62:8:70:Infinity":13,"f:62:24:62:29":6,"s:62:54:70:11":14,"b:69:43:69:56:69:56:69:Infinity":2,"f:73:10:73:25":7,"s:74:8:77:Infinity":15,"f:80:10:80:24":8,"s:81:8:81:Infinity":16,"f:84:10:84:27":9,"s:85:25:85:50":17,"s:87:8:91:Infinity":18,"f:94:10:94:21":10,"s:95:28:101:10":19,"s:105:8:105:Infinity":20,"f:105:27:105:32":11,"s:105:60:105:102":21,"b:105:83:105:93:105:93:105:102":3}}}
}
